2019-08-30 15:23:53,057 INFO  [Log] **************************************************************************************** 
2019-08-30 15:23:53,058 INFO  [Log] **************************************************************************************** 
2019-08-30 15:23:53,058 INFO  [Log] $$$$$$$$$$$$$$$$$$$$$                 TC001_Navigate       $$$$$$$$$$$$$$$$$$$$$$$$$ 
2019-08-30 15:23:53,058 INFO  [Log] **************************************************************************************** 
2019-08-30 15:23:53,058 INFO  [Log] **************************************************************************************** 
2019-08-30 15:23:53,059 INFO  [Log] Opening Browser 
2019-08-30 15:23:56,038 INFO  [Log] Chrome browser started 
2019-08-30 15:23:56,181 INFO  [Log] Navigating to URL 
2019-08-30 15:23:59,360 INFO  [Log] Wait for 5 seconds 
2019-08-30 15:24:04,714 INFO  [Log] XXXXXXXXXXXXXXXXXXXXXXX             -E---N---D-             XXXXXXXXXXXXXXXXXXXXXX 
2019-08-30 15:24:04,714 INFO  [Log] X 
2019-08-30 15:24:04,714 INFO  [Log] X 
2019-08-30 15:24:04,714 INFO  [Log] X 
2019-08-30 15:24:04,714 INFO  [Log] X 
2019-08-30 15:24:04,715 INFO  [Log] **************************************************************************************** 
2019-08-30 15:24:04,715 INFO  [Log] **************************************************************************************** 
2019-08-30 15:24:04,715 INFO  [Log] $$$$$$$$$$$$$$$$$$$$$                 TC002_Login       $$$$$$$$$$$$$$$$$$$$$$$$$ 
2019-08-30 15:24:04,715 INFO  [Log] **************************************************************************************** 
2019-08-30 15:24:04,715 INFO  [Log] **************************************************************************************** 
2019-08-30 15:24:04,718 INFO  [Log] Verifying the element 'usr_name 
2019-08-30 15:24:05,487 INFO  [Log] Entering the text in usr_name 
2019-08-30 15:24:05,587 INFO  [Log] Verifying the element 'pwd 
2019-08-30 15:24:06,343 INFO  [Log] Entering the text in pwd 
2019-08-30 15:24:06,458 INFO  [Log] Verifying the element 'btn_LogIn 
2019-08-30 15:24:07,209 INFO  [Log] Clicking on Webelement btn_LogIn 
2019-08-30 15:26:34,364 INFO  [Log] XXXXXXXXXXXXXXXXXXXXXXX             -E---N---D-             XXXXXXXXXXXXXXXXXXXXXX 
2019-08-30 15:26:34,364 INFO  [Log] X 
2019-08-30 15:26:34,364 INFO  [Log] X 
2019-08-30 15:26:34,364 INFO  [Log] X 
2019-08-30 15:26:34,364 INFO  [Log] X 
2019-08-30 15:26:34,364 ERROR [Log] Class Utils | Method getCellData | Exception desc : null 
2019-08-30 15:26:34,364 INFO  [Log] **************************************************************************************** 
2019-08-30 15:26:34,364 INFO  [Log] **************************************************************************************** 
2019-08-30 15:26:34,364 INFO  [Log] $$$$$$$$$$$$$$$$$$$$$                 TC003_Verify Home Page       $$$$$$$$$$$$$$$$$$$$$$$$$ 
2019-08-30 15:26:34,364 INFO  [Log] **************************************************************************************** 
2019-08-30 15:26:34,364 INFO  [Log] **************************************************************************************** 
2019-08-30 15:26:34,368 INFO  [Log] Verifying the element 'text_home 
2019-08-30 15:26:35,194 INFO  [Log] XXXXXXXXXXXXXXXXXXXXXXX             -E---N---D-             XXXXXXXXXXXXXXXXXXXXXX 
2019-08-30 15:26:35,194 INFO  [Log] X 
2019-08-30 15:26:35,194 INFO  [Log] X 
2019-08-30 15:26:35,194 INFO  [Log] X 
2019-08-30 15:26:35,194 INFO  [Log] X 
2019-08-30 15:26:35,194 ERROR [Log] Class Utils | Method getCellData | Exception desc : null 
2019-08-30 15:26:35,194 ERROR [Log] Class Utils | Method getCellData | Exception desc : null 
